[32mINFO  [main] [Cooja.java:1145] - Loading /home/madani/contiki-ng/examples/AER_ADHOC/simulations/aodv.csc random seed: null[0;39m
> make -j1 aodv-demo.cooja TARGET=cooja -f Makefile.aodv
  LD        build/cooja/aodv-demo.cooja
[32mINFO  [main] [LogScriptEngine.java:231] - Script timeout in 1200000 ms[0;39m
[32mINFO  [sim] [LogScriptEngine.java:320] -  5% completed, 23.0 sec remaining[0;39m
[32mINFO  [sim] [LogScriptEngine.java:320] - 10% completed, 15.9 sec remaining[0;39m
[32mINFO  [sim] [LogScriptEngine.java:320] - 15% completed, 12.4 sec remaining[0;39m
[32mINFO  [sim] [LogScriptEngine.java:320] - 20% completed, 10.8 sec remaining[0;39m
[32mINFO  [sim] [LogScriptEngine.java:320] - 25% completed,  9.5 sec remaining[0;39m
[32mINFO  [sim] [LogScriptEngine.java:320] - 30% completed,  8.3 sec remaining[0;39m
[32mINFO  [sim] [LogScriptEngine.java:320] - 35% completed,  7.1 sec remaining[0;39m
[32mINFO  [sim] [LogScriptEngine.java:320] - 40% completed,  6.1 sec remaining[0;39m
[32mINFO  [sim] [LogScriptEngine.java:320] - 45% completed,  5.4 sec remaining[0;39m
[32mINFO  [sim] [LogScriptEngine.java:320] - 50% completed,  4.9 sec remaining[0;39m
[32mINFO  [sim] [LogScriptEngine.java:320] - 55% completed,  4.2 sec remaining[0;39m
[32mINFO  [sim] [LogScriptEngine.java:320] - 60% completed,  3.6 sec remaining[0;39m
[32mINFO  [sim] [LogScriptEngine.java:320] - 65% completed,  3.1 sec remaining[0;39m
[32mINFO  [sim] [LogScriptEngine.java:320] - 70% completed,  2.6 sec remaining[0;39m
[32mINFO  [sim] [LogScriptEngine.java:320] - 75% completed,  2.1 sec remaining[0;39m
[32mINFO  [sim] [LogScriptEngine.java:320] - 80% completed,  1.6 sec remaining[0;39m
[32mINFO  [sim] [LogScriptEngine.java:320] - 85% completed,  1.9 sec remaining[0;39m
[32mINFO  [sim] [LogScriptEngine.java:320] - 90% completed,  1.2 sec remaining[0;39m
[32mINFO  [sim] [LogScriptEngine.java:320] - 95% completed,  0.6 sec remaining[0;39m
[32mINFO  [sim] [LogScriptEngine.java:294] - Timeout event @ 1200000000[0;39m
[32mINFO  [sim] [Simulation.java:450] - Runtime: 11758 ms. Simulated time: 1200000 ms. Speedup: 102.05817315870046[0;39m
[1;91mERROR [main] [Cooja.java:1173] - TEST /home/madani/contiki-ng/examples/AER_ADHOC/simulations/aodv.csc FAILED
[0;39m
[1;91mERROR [main] [Cooja.java:1181] - Failed tests:
/home/madani/contiki-ng/examples/AER_ADHOC/simulations/aodv.csc seed: null[0;39m
