[32mINFO  [main] [Cooja.java:1145] - Loading /home/madani/contiki-ng/examples/AER_ADHOC/simulations/d-seran.csc random seed: null[0;39m
> make -j1 d-seran.cooja TARGET=cooja
  LD        build/cooja/d-seran.cooja
[32mINFO  [main] [LogScriptEngine.java:231] - Script timeout in 1200000 ms[0;39m
[32mINFO  [sim] [LogScriptEngine.java:320] -  5% completed, 18.1 sec remaining[0;39m
[32mINFO  [sim] [LogScriptEngine.java:320] - 10% completed, 13.1 sec remaining[0;39m
[32mINFO  [sim] [LogScriptEngine.java:320] - 15% completed, 10.5 sec remaining[0;39m
[32mINFO  [sim] [LogScriptEngine.java:320] - 20% completed,  8.4 sec remaining[0;39m
[32mINFO  [sim] [LogScriptEngine.java:320] - 25% completed,  7.1 sec remaining[0;39m
[32mINFO  [sim] [LogScriptEngine.java:320] - 30% completed,  7.1 sec remaining[0;39m
[32mINFO  [sim] [LogScriptEngine.java:320] - 35% completed,  6.2 sec remaining[0;39m
[32mINFO  [sim] [LogScriptEngine.java:320] - 40% completed,  5.3 sec remaining[0;39m
[32mINFO  [sim] [LogScriptEngine.java:320] - 45% completed,  4.6 sec remaining[0;39m
[32mINFO  [sim] [LogScriptEngine.java:320] - 50% completed,  3.9 sec remaining[0;39m
[32mINFO  [sim] [LogScriptEngine.java:320] - 55% completed,  3.4 sec remaining[0;39m
[32mINFO  [sim] [LogScriptEngine.java:320] - 60% completed,  2.9 sec remaining[0;39m
[32mINFO  [sim] [LogScriptEngine.java:320] - 65% completed,  2.4 sec remaining[0;39m
[32mINFO  [sim] [LogScriptEngine.java:320] - 70% completed,  2.0 sec remaining[0;39m
[32mINFO  [sim] [LogScriptEngine.java:320] - 75% completed,  1.6 sec remaining[0;39m
[32mINFO  [sim] [LogScriptEngine.java:320] - 80% completed,  1.3 sec remaining[0;39m
[32mINFO  [sim] [LogScriptEngine.java:320] - 85% completed,  0.9 sec remaining[0;39m
[32mINFO  [sim] [LogScriptEngine.java:320] - 90% completed,  0.6 sec remaining[0;39m
[32mINFO  [sim] [LogScriptEngine.java:320] - 95% completed,  0.3 sec remaining[0;39m
[32mINFO  [sim] [LogScriptEngine.java:294] - Timeout event @ 1200000000[0;39m
[32mINFO  [sim] [Simulation.java:450] - Runtime: 5772 ms. Simulated time: 1200000 ms. Speedup: 207.9002079002079[0;39m
[1;91mERROR [main] [Cooja.java:1173] - TEST /home/madani/contiki-ng/examples/AER_ADHOC/simulations/d-seran.csc FAILED
[0;39m
[1;91mERROR [main] [Cooja.java:1181] - Failed tests:
/home/madani/contiki-ng/examples/AER_ADHOC/simulations/d-seran.csc seed: null[0;39m
